<?xml version="1.0" encoding="UTF-8"?>
<!-- Generated by org.testng.reporters.JUnitReportReporter -->
<testsuite hostname="DESKTOP-PGMSM94" failures="0" tests="4" name="AnswerDigital.LoginFrameworkDesign.LoginTest" time="17.485" errors="0" timestamp="2023-08-16T18:59:11 BST" skipped="0">
  <testcase classname="AnswerDigital.LoginFrameworkDesign.LoginTest" name="succesful_login_ids" time="2.759"/>
  <system-out/>
  <testcase classname="AnswerDigital.LoginFrameworkDesign.LoginTest" name="locked_out_user" time="3.946"/>
  <system-out/>
  <testcase classname="AnswerDigital.LoginFrameworkDesign.LoginTest" name="succesful_login_ids" time="2.641"/>
  <system-out/>
  <testcase classname="AnswerDigital.LoginFrameworkDesign.LoginTest" name="succesful_login_ids" time="8.139"/>
  <system-out/>
</testsuite> <!-- AnswerDigital.LoginFrameworkDesign.LoginTest -->
